This is pdfTeX, Version 3.1415926-1.40.9 (MiKTeX 2.7) (preloaded format=pdflatex 2010.9.21)  7 FEB 2011 17:27
entering extended mode
**D:/Code/Janelia*Farm/CurrentVersion/Documentation/IdentityProb.tex
("D:/Code/Janelia Farm/CurrentVersion/Documentation/IdentityProb.tex"
LaTeX2e <2005/12/01>
Babel <v3.8l> and hyphenation patterns for english, dumylang, nohyphenation, ge
rman, ngerman, german-x-2008-06-18, ngerman-x-2008-06-18, french, loaded.
("C:\Program Files (x86)\MiKTeX 2.7\tex\latex\base\article.cls"
Document Class: article 2005/09/16 v1.4f Standard LaTeX document class
("C:\Program Files (x86)\MiKTeX 2.7\tex\latex\base\size12.clo"
File: size12.clo 2005/09/16 v1.4f Standard LaTeX file (size option)
)
\c@part=\count79
\c@section=\count80
\c@subsection=\count81
\c@subsubsection=\count82
\c@paragraph=\count83
\c@subparagraph=\count84
\c@figure=\count85
\c@table=\count86
\abovecaptionskip=\skip41
\belowcaptionskip=\skip42
\bibindent=\dimen102
)
(IdentityProb.aux

LaTeX Warning: Label `Eq2' multiply defined.

)
LaTeX Font Info:    Checking defaults for OML/cmm/m/it on input line 7.
LaTeX Font Info:    ... okay on input line 7.
LaTeX Font Info:    Checking defaults for T1/cmr/m/n on input line 7.
LaTeX Font Info:    ... okay on input line 7.
LaTeX Font Info:    Checking defaults for OT1/cmr/m/n on input line 7.
LaTeX Font Info:    ... okay on input line 7.
LaTeX Font Info:    Checking defaults for OMS/cmsy/m/n on input line 7.
LaTeX Font Info:    ... okay on input line 7.
LaTeX Font Info:    Checking defaults for OMX/cmex/m/n on input line 7.
LaTeX Font Info:    ... okay on input line 7.
LaTeX Font Info:    Checking defaults for U/cmr/m/n on input line 7.
LaTeX Font Info:    ... okay on input line 7.
LaTeX Font Info:    External font `cmex10' loaded for size
(Font)              <14.4> on input line 8.
LaTeX Font Info:    External font `cmex10' loaded for size
(Font)              <7> on input line 8.
LaTeX Font Info:    External font `cmex10' loaded for size
(Font)              <12> on input line 17.
LaTeX Font Info:    External font `cmex10' loaded for size
(Font)              <8> on input line 17.
LaTeX Font Info:    External font `cmex10' loaded for size
(Font)              <6> on input line 17.
 [1

{C:/ProgramData/MiKTeX/2.7/pdftex/config/pdftex.map}] [2] [3] [4]
(IdentityProb.aux)

LaTeX Warning: There were multiply-defined labels.

 ) 
Here is how much of TeX's memory you used:
 244 strings out of 95304
 2668 string characters out of 1182842
 52104 words of memory out of 1500000
 3519 multiletter control sequences out of 110000
 8501 words of font info for 30 fonts, out of 3000000 for 5000
 14 hyphenation exceptions out of 8191
 22i,8n,19p,469b,187s stack positions out of 5000i,500n,10000p,200000b,50000s
<C:/Program Files (x86)/MiKTeX 2.7/fonts/type1/bluesky/cm/cmbx12.pfb><C:/Prog
ram Files (x86)/MiKTeX 2.7/fonts/type1/bluesky/cm/cmex10.pfb><C:/Program Files 
(x86)/MiKTeX 2.7/fonts/type1/bluesky/cm/cmmi12.pfb><C:/Program Files (x86)/MiKT
eX 2.7/fonts/type1/bluesky/cm/cmmi6.pfb><C:/Program Files (x86)/MiKTeX 2.7/font
s/type1/bluesky/cm/cmmi8.pfb><C:/Program Files (x86)/MiKTeX 2.7/fonts/type1/blu
esky/cm/cmr12.pfb><C:/Program Files (x86)/MiKTeX 2.7/fonts/type1/bluesky/cm/cmr
17.pfb><C:/Program Files (x86)/MiKTeX 2.7/fonts/type1/bluesky/cm/cmr6.pfb><C:/P
rogram Files (x86)/MiKTeX 2.7/fonts/type1/bluesky/cm/cmr8.pfb><C:/Program Files
 (x86)/MiKTeX 2.7/fonts/type1/bluesky/cm/cmsy10.pfb><C:/Program Files (x86)/MiK
TeX 2.7/fonts/type1/bluesky/cm/cmsy6.pfb><C:/Program Files (x86)/MiKTeX 2.7/fon
ts/type1/bluesky/cm/cmsy8.pfb>
Output written on IdentityProb.pdf (4 pages, 62187 bytes).
PDF statistics:
 63 PDF objects out of 1000 (max. 8388607)
 0 named destinations out of 1000 (max. 131072)
 1 words of extra memory for PDF output out of 10000 (max. 10000000)

